<?xml version="1.0" encoding="UTF-8"?>
<!-- Generated by org.testng.reporters.JUnitXMLReporter -->
<testsuite ignored="0" hostname="DESKTOP-GD0GHNL" failures="0" tests="10" name="Default test" time="192.022" errors="0" timestamp="2022-01-18T12:14:34 IST">
  <testcase classname="runner.WebApp" name="HomePage" time="1.627"/>
  <testcase classname="runner.WebApp" name="SignUp" time="4.927"/>
  <testcase classname="runner.WebApp" name="HomepageLogin" time="4.785"/>
  <testcase classname="runner.WebApp" name="AboutPage" time="2.365"/>
  <testcase classname="runner.WebApp" name="ContactPage" time="3.787"/>
  <testcase classname="runner.WebApp" name="OnewayPage" time="12.127"/>
  <testcase classname="runner.WebApp" name="LocalPage" time="26.279"/>
  <testcase classname="runner.WebApp" name="OutstationPage" time="29.428"/>
  <testcase classname="runner.WebApp" name="AirportPage" time="32.298"/>
  <testcase classname="runner.WebApp" name="CorporatePage" time="10.028"/>
</testsuite> <!-- Default test -->
