<?xml version="1.0" encoding="UTF-8"?>
<testng-results ignored="0" total="10" passed="10" failed="0" skipped="0">
  <reporter-output>
  </reporter-output>
  <suite started-at="2022-01-18T12:11:21 IST" name="Default suite" finished-at="2022-01-18T12:14:34 IST" duration-ms="192022">
    <groups>
    </groups>
    <test started-at="2022-01-18T12:11:21 IST" name="Default test" finished-at="2022-01-18T12:14:34 IST" duration-ms="192022">
      <class name="runner.WebApp">
        <test-method is-config="true" signature="Before()[pri:0, instance:runner.WebApp@8576fa0]" started-at="2022-01-18T12:11:22 IST" name="Before" finished-at="2022-01-18T12:11:29 IST" duration-ms="7723" status="PASS">
          <reporter-output>
          </reporter-output>
        </test-method> <!-- Before -->
        <test-method signature="HomePage()[pri:1, instance:runner.WebApp@8576fa0]" started-at="2022-01-18T12:11:29 IST" name="HomePage" finished-at="2022-01-18T12:11:31 IST" duration-ms="1627" status="PASS">
          <reporter-output>
          </reporter-output>
        </test-method> <!-- HomePage -->
        <test-method is-config="true" signature="After()[pri:0, instance:runner.WebApp@8576fa0]" started-at="2022-01-18T12:11:31 IST" name="After" finished-at="2022-01-18T12:11:31 IST" duration-ms="281" status="PASS">
          <reporter-output>
          </reporter-output>
        </test-method> <!-- After -->
        <test-method is-config="true" signature="Before()[pri:0, instance:runner.WebApp@8576fa0]" started-at="2022-01-18T12:11:31 IST" name="Before" finished-at="2022-01-18T12:11:37 IST" duration-ms="6194" status="PASS">
          <reporter-output>
          </reporter-output>
        </test-method> <!-- Before -->
        <test-method signature="SignUp()[pri:2, instance:runner.WebApp@8576fa0]" started-at="2022-01-18T12:11:37 IST" name="SignUp" finished-at="2022-01-18T12:11:42 IST" duration-ms="4927" status="PASS">
          <reporter-output>
          </reporter-output>
        </test-method> <!-- SignUp -->
        <test-method is-config="true" signature="After()[pri:0, instance:runner.WebApp@8576fa0]" started-at="2022-01-18T12:11:42 IST" name="After" finished-at="2022-01-18T12:11:43 IST" duration-ms="249" status="PASS">
          <reporter-output>
          </reporter-output>
        </test-method> <!-- After -->
        <test-method is-config="true" signature="Before()[pri:0, instance:runner.WebApp@8576fa0]" started-at="2022-01-18T12:11:43 IST" name="Before" finished-at="2022-01-18T12:11:48 IST" duration-ms="5069" status="PASS">
          <reporter-output>
          </reporter-output>
        </test-method> <!-- Before -->
        <test-method signature="HomepageLogin()[pri:3, instance:runner.WebApp@8576fa0]" started-at="2022-01-18T12:11:48 IST" name="HomepageLogin" finished-at="2022-01-18T12:11:52 IST" duration-ms="4785" status="PASS">
          <reporter-output>
          </reporter-output>
        </test-method> <!-- HomepageLogin -->
        <test-method is-config="true" signature="After()[pri:0, instance:runner.WebApp@8576fa0]" started-at="2022-01-18T12:11:52 IST" name="After" finished-at="2022-01-18T12:11:53 IST" duration-ms="255" status="PASS">
          <reporter-output>
          </reporter-output>
        </test-method> <!-- After -->
        <test-method is-config="true" signature="Before()[pri:0, instance:runner.WebApp@8576fa0]" started-at="2022-01-18T12:11:53 IST" name="Before" finished-at="2022-01-18T12:11:58 IST" duration-ms="5326" status="PASS">
          <reporter-output>
          </reporter-output>
        </test-method> <!-- Before -->
        <test-method signature="AboutPage()[pri:4, instance:runner.WebApp@8576fa0]" started-at="2022-01-18T12:11:58 IST" name="AboutPage" finished-at="2022-01-18T12:12:00 IST" duration-ms="2365" status="PASS">
          <reporter-output>
          </reporter-output>
        </test-method> <!-- AboutPage -->
        <test-method is-config="true" signature="After()[pri:0, instance:runner.WebApp@8576fa0]" started-at="2022-01-18T12:12:00 IST" name="After" finished-at="2022-01-18T12:12:01 IST" duration-ms="186" status="PASS">
          <reporter-output>
          </reporter-output>
        </test-method> <!-- After -->
        <test-method is-config="true" signature="Before()[pri:0, instance:runner.WebApp@8576fa0]" started-at="2022-01-18T12:12:01 IST" name="Before" finished-at="2022-01-18T12:12:06 IST" duration-ms="5520" status="PASS">
          <reporter-output>
          </reporter-output>
        </test-method> <!-- Before -->
        <test-method signature="ContactPage()[pri:5, instance:runner.WebApp@8576fa0]" started-at="2022-01-18T12:12:06 IST" name="ContactPage" finished-at="2022-01-18T12:12:10 IST" duration-ms="3787" status="PASS">
          <reporter-output>
          </reporter-output>
        </test-method> <!-- ContactPage -->
        <test-method is-config="true" signature="After()[pri:0, instance:runner.WebApp@8576fa0]" started-at="2022-01-18T12:12:10 IST" name="After" finished-at="2022-01-18T12:12:10 IST" duration-ms="244" status="PASS">
          <reporter-output>
          </reporter-output>
        </test-method> <!-- After -->
        <test-method is-config="true" signature="Before()[pri:0, instance:runner.WebApp@8576fa0]" started-at="2022-01-18T12:12:10 IST" name="Before" finished-at="2022-01-18T12:12:15 IST" duration-ms="5207" status="PASS">
          <reporter-output>
          </reporter-output>
        </test-method> <!-- Before -->
        <test-method signature="OnewayPage()[pri:6, instance:runner.WebApp@8576fa0]" started-at="2022-01-18T12:12:15 IST" name="OnewayPage" finished-at="2022-01-18T12:12:27 IST" duration-ms="12127" status="PASS">
          <reporter-output>
          </reporter-output>
        </test-method> <!-- OnewayPage -->
        <test-method is-config="true" signature="After()[pri:0, instance:runner.WebApp@8576fa0]" started-at="2022-01-18T12:12:27 IST" name="After" finished-at="2022-01-18T12:12:28 IST" duration-ms="271" status="PASS">
          <reporter-output>
          </reporter-output>
        </test-method> <!-- After -->
        <test-method is-config="true" signature="Before()[pri:0, instance:runner.WebApp@8576fa0]" started-at="2022-01-18T12:12:28 IST" name="Before" finished-at="2022-01-18T12:12:35 IST" duration-ms="7274" status="PASS">
          <reporter-output>
          </reporter-output>
        </test-method> <!-- Before -->
        <test-method signature="LocalPage()[pri:7, instance:runner.WebApp@8576fa0]" started-at="2022-01-18T12:12:35 IST" name="LocalPage" finished-at="2022-01-18T12:13:01 IST" duration-ms="26279" status="PASS">
          <reporter-output>
          </reporter-output>
        </test-method> <!-- LocalPage -->
        <test-method is-config="true" signature="After()[pri:0, instance:runner.WebApp@8576fa0]" started-at="2022-01-18T12:13:01 IST" name="After" finished-at="2022-01-18T12:13:01 IST" duration-ms="233" status="PASS">
          <reporter-output>
          </reporter-output>
        </test-method> <!-- After -->
        <test-method is-config="true" signature="Before()[pri:0, instance:runner.WebApp@8576fa0]" started-at="2022-01-18T12:13:01 IST" name="Before" finished-at="2022-01-18T12:13:09 IST" duration-ms="7283" status="PASS">
          <reporter-output>
          </reporter-output>
        </test-method> <!-- Before -->
        <test-method signature="OutstationPage()[pri:8, instance:runner.WebApp@8576fa0]" started-at="2022-01-18T12:13:09 IST" name="OutstationPage" finished-at="2022-01-18T12:13:38 IST" duration-ms="29428" status="PASS">
          <reporter-output>
          </reporter-output>
        </test-method> <!-- OutstationPage -->
        <test-method is-config="true" signature="After()[pri:0, instance:runner.WebApp@8576fa0]" started-at="2022-01-18T12:13:38 IST" name="After" finished-at="2022-01-18T12:13:38 IST" duration-ms="206" status="PASS">
          <reporter-output>
          </reporter-output>
        </test-method> <!-- After -->
        <test-method is-config="true" signature="Before()[pri:0, instance:runner.WebApp@8576fa0]" started-at="2022-01-18T12:13:38 IST" name="Before" finished-at="2022-01-18T12:13:44 IST" duration-ms="5871" status="PASS">
          <reporter-output>
          </reporter-output>
        </test-method> <!-- Before -->
        <test-method signature="AirportPage()[pri:9, instance:runner.WebApp@8576fa0]" started-at="2022-01-18T12:13:44 IST" name="AirportPage" finished-at="2022-01-18T12:14:17 IST" duration-ms="32298" status="PASS">
          <reporter-output>
          </reporter-output>
        </test-method> <!-- AirportPage -->
        <test-method is-config="true" signature="After()[pri:0, instance:runner.WebApp@8576fa0]" started-at="2022-01-18T12:14:17 IST" name="After" finished-at="2022-01-18T12:14:17 IST" duration-ms="238" status="PASS">
          <reporter-output>
          </reporter-output>
        </test-method> <!-- After -->
        <test-method is-config="true" signature="Before()[pri:0, instance:runner.WebApp@8576fa0]" started-at="2022-01-18T12:14:17 IST" name="Before" finished-at="2022-01-18T12:14:23 IST" duration-ms="6390" status="PASS">
          <reporter-output>
          </reporter-output>
        </test-method> <!-- Before -->
        <test-method signature="CorporatePage()[pri:10, instance:runner.WebApp@8576fa0]" started-at="2022-01-18T12:14:23 IST" name="CorporatePage" finished-at="2022-01-18T12:14:33 IST" duration-ms="10028" status="PASS">
          <reporter-output>
          </reporter-output>
        </test-method> <!-- CorporatePage -->
        <test-method is-config="true" signature="After()[pri:0, instance:runner.WebApp@8576fa0]" started-at="2022-01-18T12:14:33 IST" name="After" finished-at="2022-01-18T12:14:34 IST" duration-ms="260" status="PASS">
          <reporter-output>
          </reporter-output>
        </test-method> <!-- After -->
        <test-method is-config="true" signature="flush()[pri:0, instance:runner.WebApp@8576fa0]" started-at="2022-01-18T12:14:34 IST" name="flush" finished-at="2022-01-18T12:14:34 IST" duration-ms="557" status="PASS">
          <reporter-output>
          </reporter-output>
        </test-method> <!-- flush -->
      </class> <!-- runner.WebApp -->
    </test> <!-- Default test -->
  </suite> <!-- Default suite -->
</testng-results>
